{"name":"hexo","hostname":"VM_0_26_centos","pid":9398,"level":20,"msg":"Hexo version: \u001b[35m3.2.2\u001b[39m","time":"2016-10-31T08:36:16.473Z","v":0}
{"name":"hexo","hostname":"VM_0_26_centos","pid":9398,"level":20,"msg":"Working directory: \u001b[35m/home/blog/\u001b[39m","time":"2016-10-31T08:36:16.476Z","v":0}
{"name":"hexo","hostname":"VM_0_26_centos","pid":9398,"level":20,"msg":"Config loaded: \u001b[35m/home/blog/_config.yml\u001b[39m","time":"2016-10-31T08:36:16.562Z","v":0}
{"name":"hexo","hostname":"VM_0_26_centos","pid":9398,"level":20,"msg":"Plugin loaded: \u001b[35mhexo-generator-archive\u001b[39m","time":"2016-10-31T08:36:16.576Z","v":0}
{"name":"hexo","hostname":"VM_0_26_centos","pid":9398,"level":20,"msg":"Plugin loaded: \u001b[35mhexo-generator-category\u001b[39m","time":"2016-10-31T08:36:16.577Z","v":0}
{"name":"hexo","hostname":"VM_0_26_centos","pid":9398,"level":20,"msg":"Plugin loaded: \u001b[35mhexo-generator-index\u001b[39m","time":"2016-10-31T08:36:16.579Z","v":0}
{"name":"hexo","hostname":"VM_0_26_centos","pid":9398,"level":20,"msg":"Plugin loaded: \u001b[35mhexo-generator-tag\u001b[39m","time":"2016-10-31T08:36:16.580Z","v":0}
{"name":"hexo","hostname":"VM_0_26_centos","pid":9398,"level":20,"msg":"Plugin loaded: \u001b[35mhexo-renderer-ejs\u001b[39m","time":"2016-10-31T08:36:16.582Z","v":0}
{"name":"hexo","hostname":"VM_0_26_centos","pid":9398,"level":20,"msg":"Plugin loaded: \u001b[35mhexo-renderer-stylus\u001b[39m","time":"2016-10-31T08:36:16.583Z","v":0}
{"name":"hexo","hostname":"VM_0_26_centos","pid":9398,"level":20,"msg":"Plugin loaded: \u001b[35mhexo-renderer-marked\u001b[39m","time":"2016-10-31T08:36:16.589Z","v":0}
{"name":"hexo","hostname":"VM_0_26_centos","pid":9398,"level":20,"msg":"Plugin loaded: \u001b[35mhexo-server\u001b[39m","time":"2016-10-31T08:36:16.641Z","v":0}
{"name":"hexo","hostname":"VM_0_26_centos","pid":9398,"level":20,"msg":"Script loaded: \u001b[35mthemes/next/scripts/merge-configs.js\u001b[39m","time":"2016-10-31T08:36:16.642Z","v":0}
{"name":"hexo","hostname":"VM_0_26_centos","pid":9398,"level":20,"msg":"Script loaded: \u001b[35mthemes/next/scripts/tags/center-quote.js\u001b[39m","time":"2016-10-31T08:36:16.643Z","v":0}
{"name":"hexo","hostname":"VM_0_26_centos","pid":9398,"level":20,"msg":"Script loaded: \u001b[35mthemes/next/scripts/tags/full-image.js\u001b[39m","time":"2016-10-31T08:36:16.649Z","v":0}
{"name":"hexo","hostname":"VM_0_26_centos","pid":9398,"level":20,"msg":"Script loaded: \u001b[35mthemes/next/scripts/tags/group-pictures.js\u001b[39m","time":"2016-10-31T08:36:16.650Z","v":0}
{"name":"hexo","hostname":"VM_0_26_centos","pid":9398,"level":20,"msg":"Database saved","time":"2016-10-31T08:36:16.658Z","v":0}
{"name":"hexo","hostname":"VM_0_26_centos","pid":9408,"level":20,"msg":"Hexo version: \u001b[35m3.2.2\u001b[39m","time":"2016-10-31T08:36:22.131Z","v":0}
{"name":"hexo","hostname":"VM_0_26_centos","pid":9408,"level":20,"msg":"Working directory: \u001b[35m/home/blog/\u001b[39m","time":"2016-10-31T08:36:22.134Z","v":0}
{"name":"hexo","hostname":"VM_0_26_centos","pid":9408,"level":20,"msg":"Config loaded: \u001b[35m/home/blog/_config.yml\u001b[39m","time":"2016-10-31T08:36:22.222Z","v":0}
{"name":"hexo","hostname":"VM_0_26_centos","pid":9408,"level":20,"msg":"Script loaded: \u001b[35mthemes/next/scripts/merge-configs.js\u001b[39m","time":"2016-10-31T08:36:22.236Z","v":0}
{"name":"hexo","hostname":"VM_0_26_centos","pid":9408,"level":20,"msg":"Script loaded: \u001b[35mthemes/next/scripts/tags/center-quote.js\u001b[39m","time":"2016-10-31T08:36:22.236Z","v":0}
{"name":"hexo","hostname":"VM_0_26_centos","pid":9408,"level":20,"msg":"Script loaded: \u001b[35mthemes/next/scripts/tags/full-image.js\u001b[39m","time":"2016-10-31T08:36:22.236Z","v":0}
{"name":"hexo","hostname":"VM_0_26_centos","pid":9408,"level":20,"msg":"Script loaded: \u001b[35mthemes/next/scripts/tags/group-pictures.js\u001b[39m","time":"2016-10-31T08:36:22.238Z","v":0}
{"name":"hexo","hostname":"VM_0_26_centos","pid":9408,"level":20,"msg":"Plugin loaded: \u001b[35mhexo-generator-archive\u001b[39m","time":"2016-10-31T08:36:22.240Z","v":0}
{"name":"hexo","hostname":"VM_0_26_centos","pid":9408,"level":20,"msg":"Plugin loaded: \u001b[35mhexo-generator-category\u001b[39m","time":"2016-10-31T08:36:22.241Z","v":0}
{"name":"hexo","hostname":"VM_0_26_centos","pid":9408,"level":20,"msg":"Plugin loaded: \u001b[35mhexo-generator-index\u001b[39m","time":"2016-10-31T08:36:22.243Z","v":0}
{"name":"hexo","hostname":"VM_0_26_centos","pid":9408,"level":20,"msg":"Plugin loaded: \u001b[35mhexo-generator-tag\u001b[39m","time":"2016-10-31T08:36:22.244Z","v":0}
{"name":"hexo","hostname":"VM_0_26_centos","pid":9408,"level":20,"msg":"Plugin loaded: \u001b[35mhexo-renderer-ejs\u001b[39m","time":"2016-10-31T08:36:22.247Z","v":0}
{"name":"hexo","hostname":"VM_0_26_centos","pid":9408,"level":20,"msg":"Plugin loaded: \u001b[35mhexo-renderer-stylus\u001b[39m","time":"2016-10-31T08:36:22.252Z","v":0}
{"name":"hexo","hostname":"VM_0_26_centos","pid":9408,"level":20,"msg":"Plugin loaded: \u001b[35mhexo-renderer-marked\u001b[39m","time":"2016-10-31T08:36:22.257Z","v":0}
{"name":"hexo","hostname":"VM_0_26_centos","pid":9408,"level":20,"msg":"Plugin loaded: \u001b[35mhexo-server\u001b[39m","time":"2016-10-31T08:36:22.319Z","v":0}
{"name":"hexo","hostname":"VM_0_26_centos","pid":9408,"level":20,"msg":"Database saved","time":"2016-10-31T08:36:22.326Z","v":0}
{"name":"hexo","hostname":"VM_0_26_centos","pid":9418,"level":20,"msg":"Hexo version: \u001b[35m3.2.2\u001b[39m","time":"2016-10-31T08:36:32.062Z","v":0}
{"name":"hexo","hostname":"VM_0_26_centos","pid":9418,"level":20,"msg":"Working directory: \u001b[35m/home/blog/\u001b[39m","time":"2016-10-31T08:36:32.066Z","v":0}
{"name":"hexo","hostname":"VM_0_26_centos","pid":9418,"level":20,"msg":"Config loaded: \u001b[35m/home/blog/_config.yml\u001b[39m","time":"2016-10-31T08:36:32.153Z","v":0}
{"name":"hexo","hostname":"VM_0_26_centos","pid":9418,"level":20,"msg":"Script loaded: \u001b[35mthemes/next/scripts/merge-configs.js\u001b[39m","time":"2016-10-31T08:36:32.166Z","v":0}
{"name":"hexo","hostname":"VM_0_26_centos","pid":9418,"level":20,"msg":"Script loaded: \u001b[35mthemes/next/scripts/tags/center-quote.js\u001b[39m","time":"2016-10-31T08:36:32.166Z","v":0}
{"name":"hexo","hostname":"VM_0_26_centos","pid":9418,"level":20,"msg":"Script loaded: \u001b[35mthemes/next/scripts/tags/full-image.js\u001b[39m","time":"2016-10-31T08:36:32.167Z","v":0}
{"name":"hexo","hostname":"VM_0_26_centos","pid":9418,"level":20,"msg":"Script loaded: \u001b[35mthemes/next/scripts/tags/group-pictures.js\u001b[39m","time":"2016-10-31T08:36:32.168Z","v":0}
{"name":"hexo","hostname":"VM_0_26_centos","pid":9418,"level":20,"msg":"Plugin loaded: \u001b[35mhexo-generator-archive\u001b[39m","time":"2016-10-31T08:36:32.170Z","v":0}
{"name":"hexo","hostname":"VM_0_26_centos","pid":9418,"level":20,"msg":"Plugin loaded: \u001b[35mhexo-generator-category\u001b[39m","time":"2016-10-31T08:36:32.171Z","v":0}
{"name":"hexo","hostname":"VM_0_26_centos","pid":9418,"level":20,"msg":"Plugin loaded: \u001b[35mhexo-generator-index\u001b[39m","time":"2016-10-31T08:36:32.173Z","v":0}
{"name":"hexo","hostname":"VM_0_26_centos","pid":9418,"level":20,"msg":"Plugin loaded: \u001b[35mhexo-generator-tag\u001b[39m","time":"2016-10-31T08:36:32.174Z","v":0}
{"name":"hexo","hostname":"VM_0_26_centos","pid":9418,"level":20,"msg":"Plugin loaded: \u001b[35mhexo-renderer-ejs\u001b[39m","time":"2016-10-31T08:36:32.176Z","v":0}
{"name":"hexo","hostname":"VM_0_26_centos","pid":9418,"level":20,"msg":"Plugin loaded: \u001b[35mhexo-renderer-stylus\u001b[39m","time":"2016-10-31T08:36:32.181Z","v":0}
{"name":"hexo","hostname":"VM_0_26_centos","pid":9418,"level":20,"msg":"Plugin loaded: \u001b[35mhexo-renderer-marked\u001b[39m","time":"2016-10-31T08:36:32.187Z","v":0}
{"name":"hexo","hostname":"VM_0_26_centos","pid":9418,"level":20,"msg":"Plugin loaded: \u001b[35mhexo-server\u001b[39m","time":"2016-10-31T08:36:32.245Z","v":0}
{"name":"hexo","hostname":"VM_0_26_centos","pid":9418,"level":20,"msg":"Loading database.","time":"2016-10-31T08:36:32.257Z","v":0}
{"name":"hexo","hostname":"VM_0_26_centos","pid":9418,"level":30,"msg":"Start processing","time":"2016-10-31T08:36:32.267Z","v":0}
{"name":"hexo","hostname":"VM_0_26_centos","pid":9418,"level":20,"msg":"Theme config loaded.","time":"2016-10-31T08:36:32.374Z","v":0}
{"name":"hexo","hostname":"VM_0_26_centos","pid":9418,"level":20,"msg":"Processed: \u001b[35m_config.yml\u001b[39m","time":"2016-10-31T08:36:32.375Z","v":0}
{"name":"hexo","hostname":"VM_0_26_centos","pid":9418,"level":20,"msg":"Processed: \u001b[35msource/css/main.styl\u001b[39m","time":"2016-10-31T08:36:32.382Z","v":0}
{"name":"hexo","hostname":"VM_0_26_centos","pid":9418,"level":20,"msg":"Processed: \u001b[35msource/images/avatar.gif\u001b[39m","time":"2016-10-31T08:36:32.382Z","v":0}
{"name":"hexo","hostname":"VM_0_26_centos","pid":9418,"level":20,"msg":"Processed: \u001b[35msource/images/cc-by-nc-nd.svg\u001b[39m","time":"2016-10-31T08:36:32.383Z","v":0}
{"name":"hexo","hostname":"VM_0_26_centos","pid":9418,"level":20,"msg":"Processed: \u001b[35msource/images/cc-by-nc-sa.svg\u001b[39m","time":"2016-10-31T08:36:32.386Z","v":0}
{"name":"hexo","hostname":"VM_0_26_centos","pid":9418,"level":20,"msg":"Processed: \u001b[35msource/images/cc-by-nc.svg\u001b[39m","time":"2016-10-31T08:36:32.386Z","v":0}
{"name":"hexo","hostname":"VM_0_26_centos","pid":9418,"level":20,"msg":"Processed: \u001b[35msource/images/cc-by-nd.svg\u001b[39m","time":"2016-10-31T08:36:32.388Z","v":0}
{"name":"hexo","hostname":"VM_0_26_centos","pid":9418,"level":20,"msg":"Processed: \u001b[35msource/images/cc-by-sa.svg\u001b[39m","time":"2016-10-31T08:36:32.389Z","v":0}
{"name":"hexo","hostname":"VM_0_26_centos","pid":9418,"level":20,"msg":"Processed: \u001b[35msource/images/cc-by.svg\u001b[39m","time":"2016-10-31T08:36:32.389Z","v":0}
{"name":"hexo","hostname":"VM_0_26_centos","pid":9418,"level":20,"msg":"Processed: \u001b[35msource/images/cc-zero.svg\u001b[39m","time":"2016-10-31T08:36:32.397Z","v":0}
{"name":"hexo","hostname":"VM_0_26_centos","pid":9418,"level":20,"msg":"Processed: \u001b[35msource/images/loading.gif\u001b[39m","time":"2016-10-31T08:36:32.400Z","v":0}
{"name":"hexo","hostname":"VM_0_26_centos","pid":9418,"level":20,"msg":"Processed: \u001b[35msource/images/placeholder.gif\u001b[39m","time":"2016-10-31T08:36:32.400Z","v":0}
{"name":"hexo","hostname":"VM_0_26_centos","pid":9418,"level":20,"msg":"Processed: \u001b[35msource/images/quote-l.svg\u001b[39m","time":"2016-10-31T08:36:32.401Z","v":0}
{"name":"hexo","hostname":"VM_0_26_centos","pid":9418,"level":20,"msg":"Processed: \u001b[35msource/images/quote-r.svg\u001b[39m","time":"2016-10-31T08:36:32.401Z","v":0}
{"name":"hexo","hostname":"VM_0_26_centos","pid":9418,"level":20,"msg":"Processed: \u001b[35msource/images/searchicon.png\u001b[39m","time":"2016-10-31T08:36:32.401Z","v":0}
{"name":"hexo","hostname":"VM_0_26_centos","pid":9418,"level":20,"msg":"Processed: \u001b[35m_posts/hello-world.md\u001b[39m","time":"2016-10-31T08:36:32.464Z","v":0}
{"name":"hexo","hostname":"VM_0_26_centos","pid":9418,"level":20,"msg":"Processed: \u001b[35mlayout/_layout.swig\u001b[39m","time":"2016-10-31T08:36:32.509Z","v":0}
{"name":"hexo","hostname":"VM_0_26_centos","pid":9418,"level":20,"msg":"Processed: \u001b[35mlanguages/de.yml\u001b[39m","time":"2016-10-31T08:36:32.511Z","v":0}
{"name":"hexo","hostname":"VM_0_26_centos","pid":9418,"level":20,"msg":"Processed: \u001b[35mlanguages/default.yml\u001b[39m","time":"2016-10-31T08:36:32.511Z","v":0}
{"name":"hexo","hostname":"VM_0_26_centos","pid":9418,"level":20,"msg":"Processed: \u001b[35mlanguages/en.yml\u001b[39m","time":"2016-10-31T08:36:32.511Z","v":0}
{"name":"hexo","hostname":"VM_0_26_centos","pid":9418,"level":20,"msg":"Processed: \u001b[35mlanguages/fr-FR.yml\u001b[39m","time":"2016-10-31T08:36:32.511Z","v":0}
{"name":"hexo","hostname":"VM_0_26_centos","pid":9418,"level":20,"msg":"Processed: \u001b[35mlanguages/id.yml\u001b[39m","time":"2016-10-31T08:36:32.511Z","v":0}
{"name":"hexo","hostname":"VM_0_26_centos","pid":9418,"level":20,"msg":"Processed: \u001b[35mlanguages/ja.yml\u001b[39m","time":"2016-10-31T08:36:32.511Z","v":0}
{"name":"hexo","hostname":"VM_0_26_centos","pid":9418,"level":20,"msg":"Processed: \u001b[35mlanguages/ko.yml\u001b[39m","time":"2016-10-31T08:36:32.511Z","v":0}
{"name":"hexo","hostname":"VM_0_26_centos","pid":9418,"level":20,"msg":"Processed: \u001b[35mlanguages/pt-BR.yml\u001b[39m","time":"2016-10-31T08:36:32.511Z","v":0}
{"name":"hexo","hostname":"VM_0_26_centos","pid":9418,"level":20,"msg":"Processed: \u001b[35mlanguages/pt.yml\u001b[39m","time":"2016-10-31T08:36:32.511Z","v":0}
{"name":"hexo","hostname":"VM_0_26_centos","pid":9418,"level":20,"msg":"Processed: \u001b[35mlanguages/ru.yml\u001b[39m","time":"2016-10-31T08:36:32.511Z","v":0}
{"name":"hexo","hostname":"VM_0_26_centos","pid":9418,"level":20,"msg":"Processed: \u001b[35mlanguages/zh-Hans.yml\u001b[39m","time":"2016-10-31T08:36:32.511Z","v":0}
{"name":"hexo","hostname":"VM_0_26_centos","pid":9418,"level":20,"msg":"Processed: \u001b[35mlanguages/zh-hk.yml\u001b[39m","time":"2016-10-31T08:36:32.512Z","v":0}
{"name":"hexo","hostname":"VM_0_26_centos","pid":9418,"level":20,"msg":"Processed: \u001b[35mlanguages/zh-tw.yml\u001b[39m","time":"2016-10-31T08:36:32.512Z","v":0}
{"name":"hexo","hostname":"VM_0_26_centos","pid":9418,"level":20,"msg":"Processed: \u001b[35msource/js/src/affix.js\u001b[39m","time":"2016-10-31T08:36:32.514Z","v":0}
{"name":"hexo","hostname":"VM_0_26_centos","pid":9418,"level":20,"msg":"Processed: \u001b[35msource/js/src/bootstrap.js\u001b[39m","time":"2016-10-31T08:36:32.514Z","v":0}
{"name":"hexo","hostname":"VM_0_26_centos","pid":9418,"level":20,"msg":"Processed: \u001b[35msource/js/src/hook-duoshuo.js\u001b[39m","time":"2016-10-31T08:36:32.514Z","v":0}
{"name":"hexo","hostname":"VM_0_26_centos","pid":9418,"level":20,"msg":"Processed: \u001b[35msource/js/src/motion.js\u001b[39m","time":"2016-10-31T08:36:32.515Z","v":0}
{"name":"hexo","hostname":"VM_0_26_centos","pid":9418,"level":20,"msg":"Processed: \u001b[35msource/js/src/post-details.js\u001b[39m","time":"2016-10-31T08:36:32.515Z","v":0}
{"name":"hexo","hostname":"VM_0_26_centos","pid":9418,"level":20,"msg":"Processed: \u001b[35msource/js/src/scrollspy.js\u001b[39m","time":"2016-10-31T08:36:32.515Z","v":0}
{"name":"hexo","hostname":"VM_0_26_centos","pid":9418,"level":20,"msg":"Processed: \u001b[35msource/js/src/utils.js\u001b[39m","time":"2016-10-31T08:36:32.518Z","v":0}
{"name":"hexo","hostname":"VM_0_26_centos","pid":9418,"level":20,"msg":"Processed: \u001b[35msource/vendors/fastclick/LICENSE\u001b[39m","time":"2016-10-31T08:36:32.519Z","v":0}
{"name":"hexo","hostname":"VM_0_26_centos","pid":9418,"level":20,"msg":"Processed: \u001b[35msource/vendors/fastclick/README.md\u001b[39m","time":"2016-10-31T08:36:32.520Z","v":0}
{"name":"hexo","hostname":"VM_0_26_centos","pid":9418,"level":20,"msg":"Processed: \u001b[35msource/vendors/fastclick/bower.json\u001b[39m","time":"2016-10-31T08:36:32.520Z","v":0}
{"name":"hexo","hostname":"VM_0_26_centos","pid":9418,"level":20,"msg":"Processed: \u001b[35msource/vendors/font-awesome/HELP-US-OUT.txt\u001b[39m","time":"2016-10-31T08:36:32.520Z","v":0}
{"name":"hexo","hostname":"VM_0_26_centos","pid":9418,"level":20,"msg":"Processed: \u001b[35msource/vendors/font-awesome/bower.json\u001b[39m","time":"2016-10-31T08:36:32.521Z","v":0}
{"name":"hexo","hostname":"VM_0_26_centos","pid":9418,"level":20,"msg":"Processed: \u001b[35msource/vendors/jquery_lazyload/CONTRIBUTING.md\u001b[39m","time":"2016-10-31T08:36:32.522Z","v":0}
{"name":"hexo","hostname":"VM_0_26_centos","pid":9418,"level":20,"msg":"Processed: \u001b[35msource/vendors/jquery_lazyload/README.md\u001b[39m","time":"2016-10-31T08:36:32.522Z","v":0}
{"name":"hexo","hostname":"VM_0_26_centos","pid":9418,"level":20,"msg":"Processed: \u001b[35msource/vendors/jquery_lazyload/bower.json\u001b[39m","time":"2016-10-31T08:36:32.522Z","v":0}
{"name":"hexo","hostname":"VM_0_26_centos","pid":9418,"level":20,"msg":"Processed: \u001b[35msource/vendors/jquery_lazyload/jquery.lazyload.js\u001b[39m","time":"2016-10-31T08:36:32.523Z","v":0}
{"name":"hexo","hostname":"VM_0_26_centos","pid":9418,"level":20,"msg":"Processed: \u001b[35msource/vendors/jquery_lazyload/jquery.scrollstop.js\u001b[39m","time":"2016-10-31T08:36:32.523Z","v":0}
{"name":"hexo","hostname":"VM_0_26_centos","pid":9418,"level":20,"msg":"Processed: \u001b[35msource/vendors/velocity/bower.json\u001b[39m","time":"2016-10-31T08:36:32.524Z","v":0}
{"name":"hexo","hostname":"VM_0_26_centos","pid":9418,"level":20,"msg":"Processed: \u001b[35msource/vendors/velocity/velocity.min.js\u001b[39m","time":"2016-10-31T08:36:32.524Z","v":0}
{"name":"hexo","hostname":"VM_0_26_centos","pid":9418,"level":20,"msg":"Processed: \u001b[35msource/vendors/velocity/velocity.ui.js\u001b[39m","time":"2016-10-31T08:36:32.524Z","v":0}
{"name":"hexo","hostname":"VM_0_26_centos","pid":9418,"level":20,"msg":"Processed: \u001b[35msource/vendors/velocity/velocity.ui.min.js\u001b[39m","time":"2016-10-31T08:36:32.524Z","v":0}
{"name":"hexo","hostname":"VM_0_26_centos","pid":9418,"level":20,"msg":"Processed: \u001b[35mlayout/archive.swig\u001b[39m","time":"2016-10-31T08:36:32.760Z","v":0}
{"name":"hexo","hostname":"VM_0_26_centos","pid":9418,"level":20,"msg":"Processed: \u001b[35mlayout/category.swig\u001b[39m","time":"2016-10-31T08:36:32.761Z","v":0}
{"name":"hexo","hostname":"VM_0_26_centos","pid":9418,"level":20,"msg":"Processed: \u001b[35mlayout/index.swig\u001b[39m","time":"2016-10-31T08:36:32.761Z","v":0}
{"name":"hexo","hostname":"VM_0_26_centos","pid":9418,"level":20,"msg":"Processed: \u001b[35mlayout/page.swig\u001b[39m","time":"2016-10-31T08:36:32.761Z","v":0}
{"name":"hexo","hostname":"VM_0_26_centos","pid":9418,"level":20,"msg":"Processed: \u001b[35mlayout/post.swig\u001b[39m","time":"2016-10-31T08:36:32.761Z","v":0}
{"name":"hexo","hostname":"VM_0_26_centos","pid":9418,"level":20,"msg":"Processed: \u001b[35mlayout/schedule.swig\u001b[39m","time":"2016-10-31T08:36:32.761Z","v":0}
{"name":"hexo","hostname":"VM_0_26_centos","pid":9418,"level":20,"msg":"Processed: \u001b[35mlayout/tag.swig\u001b[39m","time":"2016-10-31T08:36:32.761Z","v":0}
{"name":"hexo","hostname":"VM_0_26_centos","pid":9418,"level":20,"msg":"Processed: \u001b[35mlayout/_macro/post-collapse.swig\u001b[39m","time":"2016-10-31T08:36:32.761Z","v":0}
{"name":"hexo","hostname":"VM_0_26_centos","pid":9418,"level":20,"msg":"Processed: \u001b[35mlayout/_macro/post.swig\u001b[39m","time":"2016-10-31T08:36:32.761Z","v":0}
{"name":"hexo","hostname":"VM_0_26_centos","pid":9418,"level":20,"msg":"Processed: \u001b[35mlayout/_macro/reward.swig\u001b[39m","time":"2016-10-31T08:36:32.761Z","v":0}
{"name":"hexo","hostname":"VM_0_26_centos","pid":9418,"level":20,"msg":"Processed: \u001b[35mlayout/_macro/sidebar.swig\u001b[39m","time":"2016-10-31T08:36:32.761Z","v":0}
{"name":"hexo","hostname":"VM_0_26_centos","pid":9418,"level":20,"msg":"Processed: \u001b[35mlayout/_macro/wechat-subscriber.swig\u001b[39m","time":"2016-10-31T08:36:32.761Z","v":0}
{"name":"hexo","hostname":"VM_0_26_centos","pid":9418,"level":20,"msg":"Processed: \u001b[35mlayout/_partials/comments.swig\u001b[39m","time":"2016-10-31T08:36:32.762Z","v":0}
{"name":"hexo","hostname":"VM_0_26_centos","pid":9418,"level":20,"msg":"Processed: \u001b[35mlayout/_partials/duoshuo-hot-articles.swig\u001b[39m","time":"2016-10-31T08:36:32.762Z","v":0}
{"name":"hexo","hostname":"VM_0_26_centos","pid":9418,"level":20,"msg":"Processed: \u001b[35mlayout/_partials/footer.swig\u001b[39m","time":"2016-10-31T08:36:32.762Z","v":0}
{"name":"hexo","hostname":"VM_0_26_centos","pid":9418,"level":20,"msg":"Processed: \u001b[35mlayout/_partials/head.swig\u001b[39m","time":"2016-10-31T08:36:32.762Z","v":0}
{"name":"hexo","hostname":"VM_0_26_centos","pid":9418,"level":20,"msg":"Processed: \u001b[35mlayout/_partials/header.swig\u001b[39m","time":"2016-10-31T08:36:32.762Z","v":0}
{"name":"hexo","hostname":"VM_0_26_centos","pid":9418,"level":20,"msg":"Processed: \u001b[35mlayout/_partials/pagination.swig\u001b[39m","time":"2016-10-31T08:36:32.762Z","v":0}
{"name":"hexo","hostname":"VM_0_26_centos","pid":9418,"level":20,"msg":"Processed: \u001b[35mlayout/_partials/search.swig\u001b[39m","time":"2016-10-31T08:36:32.762Z","v":0}
{"name":"hexo","hostname":"VM_0_26_centos","pid":9418,"level":20,"msg":"Processed: \u001b[35mlayout/_scripts/baidu-push.swig\u001b[39m","time":"2016-10-31T08:36:32.762Z","v":0}
{"name":"hexo","hostname":"VM_0_26_centos","pid":9418,"level":20,"msg":"Processed: \u001b[35mlayout/_scripts/boostrap.swig\u001b[39m","time":"2016-10-31T08:36:32.762Z","v":0}
{"name":"hexo","hostname":"VM_0_26_centos","pid":9418,"level":20,"msg":"Processed: \u001b[35msource/vendors/jquery/index.js\u001b[39m","time":"2016-10-31T08:36:32.765Z","v":0}
{"name":"hexo","hostname":"VM_0_26_centos","pid":9418,"level":20,"msg":"Processed: \u001b[35mlayout/_scripts/commons.swig\u001b[39m","time":"2016-10-31T08:36:32.771Z","v":0}
{"name":"hexo","hostname":"VM_0_26_centos","pid":9418,"level":20,"msg":"Processed: \u001b[35mlayout/_scripts/vendors.swig\u001b[39m","time":"2016-10-31T08:36:32.777Z","v":0}
{"name":"hexo","hostname":"VM_0_26_centos","pid":9418,"level":20,"msg":"Processed: \u001b[35msource/js/src/schemes/pisces.js\u001b[39m","time":"2016-10-31T08:36:32.783Z","v":0}
{"name":"hexo","hostname":"VM_0_26_centos","pid":9418,"level":20,"msg":"Processed: \u001b[35msource/vendors/fancybox/source/blank.gif\u001b[39m","time":"2016-10-31T08:36:32.783Z","v":0}
{"name":"hexo","hostname":"VM_0_26_centos","pid":9418,"level":20,"msg":"Processed: \u001b[35msource/vendors/fancybox/source/fancybox_loading.gif\u001b[39m","time":"2016-10-31T08:36:32.783Z","v":0}
{"name":"hexo","hostname":"VM_0_26_centos","pid":9418,"level":20,"msg":"Processed: \u001b[35msource/vendors/fancybox/source/fancybox_loading@2x.gif\u001b[39m","time":"2016-10-31T08:36:32.784Z","v":0}
{"name":"hexo","hostname":"VM_0_26_centos","pid":9418,"level":20,"msg":"Processed: \u001b[35msource/vendors/fancybox/source/fancybox_overlay.png\u001b[39m","time":"2016-10-31T08:36:32.784Z","v":0}
{"name":"hexo","hostname":"VM_0_26_centos","pid":9418,"level":20,"msg":"Processed: \u001b[35msource/vendors/fancybox/source/fancybox_sprite.png\u001b[39m","time":"2016-10-31T08:36:32.784Z","v":0}
{"name":"hexo","hostname":"VM_0_26_centos","pid":9418,"level":20,"msg":"Processed: \u001b[35msource/vendors/fancybox/source/fancybox_sprite@2x.png\u001b[39m","time":"2016-10-31T08:36:32.785Z","v":0}
{"name":"hexo","hostname":"VM_0_26_centos","pid":9418,"level":20,"msg":"Processed: \u001b[35msource/vendors/fancybox/source/jquery.fancybox.css\u001b[39m","time":"2016-10-31T08:36:32.785Z","v":0}
{"name":"hexo","hostname":"VM_0_26_centos","pid":9418,"level":20,"msg":"Processed: \u001b[35msource/vendors/fancybox/source/jquery.fancybox.js\u001b[39m","time":"2016-10-31T08:36:32.785Z","v":0}
{"name":"hexo","hostname":"VM_0_26_centos","pid":9418,"level":20,"msg":"Processed: \u001b[35msource/vendors/fancybox/source/jquery.fancybox.pack.js\u001b[39m","time":"2016-10-31T08:36:32.785Z","v":0}
{"name":"hexo","hostname":"VM_0_26_centos","pid":9418,"level":20,"msg":"Processed: \u001b[35msource/vendors/fastclick/lib/fastclick.js\u001b[39m","time":"2016-10-31T08:36:32.786Z","v":0}
{"name":"hexo","hostname":"VM_0_26_centos","pid":9418,"level":20,"msg":"Processed: \u001b[35msource/vendors/fastclick/lib/fastclick.min.js\u001b[39m","time":"2016-10-31T08:36:32.786Z","v":0}
{"name":"hexo","hostname":"VM_0_26_centos","pid":9418,"level":20,"msg":"Processed: \u001b[35msource/vendors/font-awesome/css/font-awesome.css\u001b[39m","time":"2016-10-31T08:36:32.786Z","v":0}
{"name":"hexo","hostname":"VM_0_26_centos","pid":9418,"level":20,"msg":"Processed: \u001b[35msource/vendors/font-awesome/css/font-awesome.css.map\u001b[39m","time":"2016-10-31T08:36:32.789Z","v":0}
{"name":"hexo","hostname":"VM_0_26_centos","pid":9418,"level":20,"msg":"Processed: \u001b[35msource/vendors/font-awesome/css/font-awesome.min.css\u001b[39m","time":"2016-10-31T08:36:32.789Z","v":0}
{"name":"hexo","hostname":"VM_0_26_centos","pid":9418,"level":20,"msg":"Processed: \u001b[35msource/vendors/font-awesome/fonts/fontawesome-webfont.woff2\u001b[39m","time":"2016-10-31T08:36:32.790Z","v":0}
{"name":"hexo","hostname":"VM_0_26_centos","pid":9418,"level":20,"msg":"Processed: \u001b[35msource/vendors/ua-parser-js/dist/ua-parser.min.js\u001b[39m","time":"2016-10-31T08:36:32.790Z","v":0}
{"name":"hexo","hostname":"VM_0_26_centos","pid":9418,"level":20,"msg":"Processed: \u001b[35msource/vendors/ua-parser-js/dist/ua-parser.pack.js\u001b[39m","time":"2016-10-31T08:36:32.790Z","v":0}
{"name":"hexo","hostname":"VM_0_26_centos","pid":9418,"level":20,"msg":"Processed: \u001b[35msource/vendors/font-awesome/fonts/FontAwesome.otf\u001b[39m","time":"2016-10-31T08:36:32.793Z","v":0}
{"name":"hexo","hostname":"VM_0_26_centos","pid":9418,"level":20,"msg":"Processed: \u001b[35msource/vendors/font-awesome/fonts/fontawesome-webfont.eot\u001b[39m","time":"2016-10-31T08:36:32.794Z","v":0}
{"name":"hexo","hostname":"VM_0_26_centos","pid":9418,"level":20,"msg":"Processed: \u001b[35msource/vendors/font-awesome/fonts/fontawesome-webfont.woff\u001b[39m","time":"2016-10-31T08:36:32.794Z","v":0}
{"name":"hexo","hostname":"VM_0_26_centos","pid":9418,"level":20,"msg":"Processed: \u001b[35msource/vendors/velocity/velocity.js\u001b[39m","time":"2016-10-31T08:36:32.794Z","v":0}
{"name":"hexo","hostname":"VM_0_26_centos","pid":9418,"level":20,"msg":"Processed: \u001b[35mlayout/_scripts/schemes/mist.swig\u001b[39m","time":"2016-10-31T08:36:32.811Z","v":0}
{"name":"hexo","hostname":"VM_0_26_centos","pid":9418,"level":20,"msg":"Processed: \u001b[35mlayout/_scripts/schemes/muse.swig\u001b[39m","time":"2016-10-31T08:36:32.812Z","v":0}
{"name":"hexo","hostname":"VM_0_26_centos","pid":9418,"level":20,"msg":"Processed: \u001b[35mlayout/_partials/head/external-fonts.swig\u001b[39m","time":"2016-10-31T08:36:32.812Z","v":0}
{"name":"hexo","hostname":"VM_0_26_centos","pid":9418,"level":20,"msg":"Processed: \u001b[35mlayout/_partials/search/localsearch.swig\u001b[39m","time":"2016-10-31T08:36:32.812Z","v":0}
{"name":"hexo","hostname":"VM_0_26_centos","pid":9418,"level":20,"msg":"Processed: \u001b[35mlayout/_partials/search/swiftype.swig\u001b[39m","time":"2016-10-31T08:36:32.812Z","v":0}
{"name":"hexo","hostname":"VM_0_26_centos","pid":9418,"level":20,"msg":"Processed: \u001b[35mlayout/_partials/search/tinysou.swig\u001b[39m","time":"2016-10-31T08:36:32.812Z","v":0}
{"name":"hexo","hostname":"VM_0_26_centos","pid":9418,"level":20,"msg":"Processed: \u001b[35mlayout/_partials/share/add-this.swig\u001b[39m","time":"2016-10-31T08:36:32.812Z","v":0}
{"name":"hexo","hostname":"VM_0_26_centos","pid":9418,"level":20,"msg":"Processed: \u001b[35mlayout/_partials/share/baidushare.swig\u001b[39m","time":"2016-10-31T08:36:32.812Z","v":0}
{"name":"hexo","hostname":"VM_0_26_centos","pid":9418,"level":20,"msg":"Processed: \u001b[35mlayout/_partials/share/duoshuo_share.swig\u001b[39m","time":"2016-10-31T08:36:32.812Z","v":0}
{"name":"hexo","hostname":"VM_0_26_centos","pid":9418,"level":20,"msg":"Processed: \u001b[35mlayout/_partials/share/jiathis.swig\u001b[39m","time":"2016-10-31T08:36:32.812Z","v":0}
{"name":"hexo","hostname":"VM_0_26_centos","pid":9418,"level":20,"msg":"Processed: \u001b[35mlayout/_scripts/pages/post-details.swig\u001b[39m","time":"2016-10-31T08:36:32.814Z","v":0}
{"name":"hexo","hostname":"VM_0_26_centos","pid":9418,"level":20,"msg":"Processed: \u001b[35mlayout/_scripts/schemes/pisces.swig\u001b[39m","time":"2016-10-31T08:36:32.814Z","v":0}
{"name":"hexo","hostname":"VM_0_26_centos","pid":9418,"level":20,"msg":"Processed: \u001b[35mlayout/_scripts/third-party/analytics.swig\u001b[39m","time":"2016-10-31T08:36:32.814Z","v":0}
{"name":"hexo","hostname":"VM_0_26_centos","pid":9418,"level":20,"msg":"Processed: \u001b[35mlayout/_scripts/third-party/comments.swig\u001b[39m","time":"2016-10-31T08:36:32.814Z","v":0}
{"name":"hexo","hostname":"VM_0_26_centos","pid":9418,"level":20,"msg":"Processed: \u001b[35mlayout/_scripts/third-party/lean-analytics.swig\u001b[39m","time":"2016-10-31T08:36:32.814Z","v":0}
{"name":"hexo","hostname":"VM_0_26_centos","pid":9418,"level":20,"msg":"Processed: \u001b[35mlayout/_scripts/third-party/localsearch.swig\u001b[39m","time":"2016-10-31T08:36:32.814Z","v":0}
{"name":"hexo","hostname":"VM_0_26_centos","pid":9418,"level":20,"msg":"Processed: \u001b[35mlayout/_scripts/third-party/mathjax.swig\u001b[39m","time":"2016-10-31T08:36:32.814Z","v":0}
{"name":"hexo","hostname":"VM_0_26_centos","pid":9418,"level":20,"msg":"Processed: \u001b[35mlayout/_scripts/third-party/schedule.swig\u001b[39m","time":"2016-10-31T08:36:32.814Z","v":0}
{"name":"hexo","hostname":"VM_0_26_centos","pid":9418,"level":20,"msg":"Processed: \u001b[35mlayout/_scripts/third-party/tinysou.swig\u001b[39m","time":"2016-10-31T08:36:32.814Z","v":0}
{"name":"hexo","hostname":"VM_0_26_centos","pid":9418,"level":20,"msg":"Processed: \u001b[35msource/vendors/fancybox/source/helpers/fancybox_buttons.png\u001b[39m","time":"2016-10-31T08:36:32.821Z","v":0}
{"name":"hexo","hostname":"VM_0_26_centos","pid":9418,"level":20,"msg":"Processed: \u001b[35msource/vendors/fancybox/source/helpers/jquery.fancybox-buttons.css\u001b[39m","time":"2016-10-31T08:36:32.821Z","v":0}
{"name":"hexo","hostname":"VM_0_26_centos","pid":9418,"level":20,"msg":"Processed: \u001b[35msource/vendors/fancybox/source/helpers/jquery.fancybox-buttons.js\u001b[39m","time":"2016-10-31T08:36:32.822Z","v":0}
{"name":"hexo","hostname":"VM_0_26_centos","pid":9418,"level":20,"msg":"Processed: \u001b[35msource/vendors/fancybox/source/helpers/jquery.fancybox-media.js\u001b[39m","time":"2016-10-31T08:36:32.822Z","v":0}
{"name":"hexo","hostname":"VM_0_26_centos","pid":9418,"level":20,"msg":"Processed: \u001b[35msource/vendors/fancybox/source/helpers/jquery.fancybox-thumbs.css\u001b[39m","time":"2016-10-31T08:36:32.823Z","v":0}
{"name":"hexo","hostname":"VM_0_26_centos","pid":9418,"level":20,"msg":"Processed: \u001b[35msource/vendors/fancybox/source/helpers/jquery.fancybox-thumbs.js\u001b[39m","time":"2016-10-31T08:36:32.823Z","v":0}
{"name":"hexo","hostname":"VM_0_26_centos","pid":9418,"level":20,"msg":"Processed: \u001b[35msource/vendors/font-awesome/fonts/fontawesome-webfont.ttf\u001b[39m","time":"2016-10-31T08:36:32.824Z","v":0}
{"name":"hexo","hostname":"VM_0_26_centos","pid":9418,"level":20,"msg":"Processed: \u001b[35mlayout/_scripts/third-party/analytics/baidu-analytics.swig\u001b[39m","time":"2016-10-31T08:36:32.835Z","v":0}
{"name":"hexo","hostname":"VM_0_26_centos","pid":9418,"level":20,"msg":"Processed: \u001b[35mlayout/_scripts/third-party/analytics/busuanzi-counter.swig\u001b[39m","time":"2016-10-31T08:36:32.836Z","v":0}
{"name":"hexo","hostname":"VM_0_26_centos","pid":9418,"level":20,"msg":"Processed: \u001b[35mlayout/_scripts/third-party/analytics/cnzz-analytics.swig\u001b[39m","time":"2016-10-31T08:36:32.836Z","v":0}
{"name":"hexo","hostname":"VM_0_26_centos","pid":9418,"level":20,"msg":"Processed: \u001b[35mlayout/_scripts/third-party/analytics/facebook-sdk.swig\u001b[39m","time":"2016-10-31T08:36:32.836Z","v":0}
{"name":"hexo","hostname":"VM_0_26_centos","pid":9418,"level":20,"msg":"Processed: \u001b[35mlayout/_scripts/third-party/analytics/google-analytics.swig\u001b[39m","time":"2016-10-31T08:36:32.836Z","v":0}
{"name":"hexo","hostname":"VM_0_26_centos","pid":9418,"level":20,"msg":"Processed: \u001b[35mlayout/_scripts/third-party/analytics/tencent-analytics.swig\u001b[39m","time":"2016-10-31T08:36:32.836Z","v":0}
{"name":"hexo","hostname":"VM_0_26_centos","pid":9418,"level":20,"msg":"Processed: \u001b[35mlayout/_scripts/third-party/comments/disqus.swig\u001b[39m","time":"2016-10-31T08:36:32.836Z","v":0}
{"name":"hexo","hostname":"VM_0_26_centos","pid":9418,"level":20,"msg":"Processed: \u001b[35mlayout/_scripts/third-party/comments/duoshuo.swig\u001b[39m","time":"2016-10-31T08:36:32.836Z","v":0}
{"name":"hexo","hostname":"VM_0_26_centos","pid":9418,"level":20,"msg":"Processed: \u001b[35msource/vendors/font-awesome/fonts/fontawesome-webfont.svg\u001b[39m","time":"2016-10-31T08:36:32.840Z","v":0}
{"name":"hexo","hostname":"VM_0_26_centos","pid":9418,"level":20,"msg":"Generator: \u001b[35mpage\u001b[39m","time":"2016-10-31T08:36:33.034Z","v":0}
{"name":"hexo","hostname":"VM_0_26_centos","pid":9418,"level":20,"msg":"Generator: \u001b[35mpost\u001b[39m","time":"2016-10-31T08:36:33.034Z","v":0}
{"name":"hexo","hostname":"VM_0_26_centos","pid":9418,"level":20,"msg":"Generator: \u001b[35marchive\u001b[39m","time":"2016-10-31T08:36:33.034Z","v":0}
{"name":"hexo","hostname":"VM_0_26_centos","pid":9418,"level":20,"msg":"Generator: \u001b[35mcategory\u001b[39m","time":"2016-10-31T08:36:33.034Z","v":0}
{"name":"hexo","hostname":"VM_0_26_centos","pid":9418,"level":20,"msg":"Generator: \u001b[35mindex\u001b[39m","time":"2016-10-31T08:36:33.034Z","v":0}
{"name":"hexo","hostname":"VM_0_26_centos","pid":9418,"level":20,"msg":"Generator: \u001b[35mtag\u001b[39m","time":"2016-10-31T08:36:33.034Z","v":0}
{"name":"hexo","hostname":"VM_0_26_centos","pid":9418,"level":20,"msg":"Generator: \u001b[35masset\u001b[39m","time":"2016-10-31T08:36:33.036Z","v":0}
{"name":"hexo","hostname":"VM_0_26_centos","pid":9418,"level":30,"msg":"Hexo is running at \u001b[4mhttp://localhost:4000/\u001b[24m. Press Ctrl+C to stop.","time":"2016-10-31T08:36:33.042Z","v":0}
{"name":"hexo","hostname":"VM_0_26_centos","pid":9418,"level":20,"msg":"Database saved","time":"2016-10-31T08:36:33.067Z","v":0}
{"name":"hexo","hostname":"VM_0_26_centos","pid":9418,"level":20,"msg":"Rendering index: \u001b[35mindex.html\u001b[39m","time":"2016-10-31T08:36:36.917Z","v":0}
{"name":"hexo","hostname":"VM_0_26_centos","pid":9418,"level":20,"msg":"Theme config loaded.","time":"2016-10-31T08:37:38.697Z","v":0}
{"name":"hexo","hostname":"VM_0_26_centos","pid":9418,"level":20,"msg":"Processed: \u001b[35m_config.yml\u001b[39m","time":"2016-10-31T08:37:38.698Z","v":0}
{"name":"hexo","hostname":"VM_0_26_centos","pid":9418,"level":20,"msg":"Generator: \u001b[35mpage\u001b[39m","time":"2016-10-31T08:37:38.812Z","v":0}
{"name":"hexo","hostname":"VM_0_26_centos","pid":9418,"level":20,"msg":"Generator: \u001b[35mpost\u001b[39m","time":"2016-10-31T08:37:38.813Z","v":0}
{"name":"hexo","hostname":"VM_0_26_centos","pid":9418,"level":20,"msg":"Generator: \u001b[35marchive\u001b[39m","time":"2016-10-31T08:37:38.813Z","v":0}
{"name":"hexo","hostname":"VM_0_26_centos","pid":9418,"level":20,"msg":"Generator: \u001b[35mcategory\u001b[39m","time":"2016-10-31T08:37:38.813Z","v":0}
{"name":"hexo","hostname":"VM_0_26_centos","pid":9418,"level":20,"msg":"Generator: \u001b[35mindex\u001b[39m","time":"2016-10-31T08:37:38.813Z","v":0}
{"name":"hexo","hostname":"VM_0_26_centos","pid":9418,"level":20,"msg":"Generator: \u001b[35mtag\u001b[39m","time":"2016-10-31T08:37:38.813Z","v":0}
{"name":"hexo","hostname":"VM_0_26_centos","pid":9418,"level":20,"msg":"Generator: \u001b[35masset\u001b[39m","time":"2016-10-31T08:37:38.819Z","v":0}
{"name":"hexo","hostname":"VM_0_26_centos","pid":9418,"level":20,"msg":"Rendering index: \u001b[35mindex.html\u001b[39m","time":"2016-10-31T09:00:46.352Z","v":0}
{"name":"hexo","hostname":"VM_0_26_centos","pid":9418,"level":30,"msg":"Farewell","time":"2016-10-31T09:05:35.200Z","v":0}
{"name":"hexo","hostname":"VM_0_26_centos","pid":9418,"level":20,"msg":"Database saved","time":"2016-10-31T09:05:35.223Z","v":0}
{"name":"hexo","hostname":"VM_0_26_centos","pid":11296,"level":20,"msg":"Hexo version: \u001b[35m3.2.2\u001b[39m","time":"2016-10-31T09:05:37.313Z","v":0}
{"name":"hexo","hostname":"VM_0_26_centos","pid":11296,"level":20,"msg":"Working directory: \u001b[35m/home/blog/\u001b[39m","time":"2016-10-31T09:05:37.317Z","v":0}
{"name":"hexo","hostname":"VM_0_26_centos","pid":11296,"level":20,"msg":"Config loaded: \u001b[35m/home/blog/_config.yml\u001b[39m","time":"2016-10-31T09:05:37.402Z","v":0}
{"name":"hexo","hostname":"VM_0_26_centos","pid":11296,"level":20,"msg":"Script loaded: \u001b[35mthemes/next/scripts/merge-configs.js\u001b[39m","time":"2016-10-31T09:05:37.417Z","v":0}
{"name":"hexo","hostname":"VM_0_26_centos","pid":11296,"level":20,"msg":"Script loaded: \u001b[35mthemes/next/scripts/tags/center-quote.js\u001b[39m","time":"2016-10-31T09:05:37.417Z","v":0}
{"name":"hexo","hostname":"VM_0_26_centos","pid":11296,"level":20,"msg":"Script loaded: \u001b[35mthemes/next/scripts/tags/full-image.js\u001b[39m","time":"2016-10-31T09:05:37.417Z","v":0}
{"name":"hexo","hostname":"VM_0_26_centos","pid":11296,"level":20,"msg":"Script loaded: \u001b[35mthemes/next/scripts/tags/group-pictures.js\u001b[39m","time":"2016-10-31T09:05:37.419Z","v":0}
{"name":"hexo","hostname":"VM_0_26_centos","pid":11296,"level":20,"msg":"Plugin loaded: \u001b[35mhexo-generator-archive\u001b[39m","time":"2016-10-31T09:05:37.421Z","v":0}
{"name":"hexo","hostname":"VM_0_26_centos","pid":11296,"level":20,"msg":"Plugin loaded: \u001b[35mhexo-generator-category\u001b[39m","time":"2016-10-31T09:05:37.422Z","v":0}
{"name":"hexo","hostname":"VM_0_26_centos","pid":11296,"level":20,"msg":"Plugin loaded: \u001b[35mhexo-generator-index\u001b[39m","time":"2016-10-31T09:05:37.424Z","v":0}
{"name":"hexo","hostname":"VM_0_26_centos","pid":11296,"level":20,"msg":"Plugin loaded: \u001b[35mhexo-generator-tag\u001b[39m","time":"2016-10-31T09:05:37.425Z","v":0}
{"name":"hexo","hostname":"VM_0_26_centos","pid":11296,"level":20,"msg":"Plugin loaded: \u001b[35mhexo-renderer-ejs\u001b[39m","time":"2016-10-31T09:05:37.427Z","v":0}
{"name":"hexo","hostname":"VM_0_26_centos","pid":11296,"level":20,"msg":"Plugin loaded: \u001b[35mhexo-renderer-stylus\u001b[39m","time":"2016-10-31T09:05:37.432Z","v":0}
{"name":"hexo","hostname":"VM_0_26_centos","pid":11296,"level":20,"msg":"Plugin loaded: \u001b[35mhexo-renderer-marked\u001b[39m","time":"2016-10-31T09:05:37.439Z","v":0}
{"name":"hexo","hostname":"VM_0_26_centos","pid":11296,"level":20,"msg":"Plugin loaded: \u001b[35mhexo-server\u001b[39m","time":"2016-10-31T09:05:37.498Z","v":0}
{"name":"hexo","hostname":"VM_0_26_centos","pid":11296,"level":20,"msg":"Loading database.","time":"2016-10-31T09:05:37.514Z","v":0}
{"name":"hexo","hostname":"VM_0_26_centos","pid":11296,"level":30,"msg":"Start processing","time":"2016-10-31T09:05:37.588Z","v":0}
{"name":"hexo","hostname":"VM_0_26_centos","pid":11296,"level":20,"msg":"Processed: \u001b[35m_posts/hello-world.md\u001b[39m","time":"2016-10-31T09:05:37.683Z","v":0}
{"name":"hexo","hostname":"VM_0_26_centos","pid":11296,"level":20,"msg":"Theme config loaded.","time":"2016-10-31T09:05:37.809Z","v":0}
{"name":"hexo","hostname":"VM_0_26_centos","pid":11296,"level":20,"msg":"Processed: \u001b[35m_config.yml\u001b[39m","time":"2016-10-31T09:05:37.810Z","v":0}
{"name":"hexo","hostname":"VM_0_26_centos","pid":11296,"level":20,"msg":"Processed: \u001b[35msource/css/main.styl\u001b[39m","time":"2016-10-31T09:05:37.810Z","v":0}
{"name":"hexo","hostname":"VM_0_26_centos","pid":11296,"level":20,"msg":"Processed: \u001b[35msource/images/avatar.gif\u001b[39m","time":"2016-10-31T09:05:37.810Z","v":0}
{"name":"hexo","hostname":"VM_0_26_centos","pid":11296,"level":20,"msg":"Processed: \u001b[35msource/images/cc-by-nc-nd.svg\u001b[39m","time":"2016-10-31T09:05:37.810Z","v":0}
{"name":"hexo","hostname":"VM_0_26_centos","pid":11296,"level":20,"msg":"Processed: \u001b[35msource/images/cc-by-nc-sa.svg\u001b[39m","time":"2016-10-31T09:05:37.811Z","v":0}
{"name":"hexo","hostname":"VM_0_26_centos","pid":11296,"level":20,"msg":"Processed: \u001b[35msource/images/cc-by-nc.svg\u001b[39m","time":"2016-10-31T09:05:37.811Z","v":0}
{"name":"hexo","hostname":"VM_0_26_centos","pid":11296,"level":20,"msg":"Processed: \u001b[35msource/images/cc-by-nd.svg\u001b[39m","time":"2016-10-31T09:05:37.811Z","v":0}
{"name":"hexo","hostname":"VM_0_26_centos","pid":11296,"level":20,"msg":"Processed: \u001b[35msource/images/cc-by-sa.svg\u001b[39m","time":"2016-10-31T09:05:37.811Z","v":0}
{"name":"hexo","hostname":"VM_0_26_centos","pid":11296,"level":20,"msg":"Processed: \u001b[35msource/images/cc-by.svg\u001b[39m","time":"2016-10-31T09:05:37.811Z","v":0}
{"name":"hexo","hostname":"VM_0_26_centos","pid":11296,"level":20,"msg":"Processed: \u001b[35msource/images/cc-zero.svg\u001b[39m","time":"2016-10-31T09:05:37.812Z","v":0}
{"name":"hexo","hostname":"VM_0_26_centos","pid":11296,"level":20,"msg":"Processed: \u001b[35msource/images/loading.gif\u001b[39m","time":"2016-10-31T09:05:37.812Z","v":0}
{"name":"hexo","hostname":"VM_0_26_centos","pid":11296,"level":20,"msg":"Processed: \u001b[35msource/images/placeholder.gif\u001b[39m","time":"2016-10-31T09:05:37.812Z","v":0}
{"name":"hexo","hostname":"VM_0_26_centos","pid":11296,"level":20,"msg":"Processed: \u001b[35msource/images/quote-l.svg\u001b[39m","time":"2016-10-31T09:05:37.812Z","v":0}
{"name":"hexo","hostname":"VM_0_26_centos","pid":11296,"level":20,"msg":"Processed: \u001b[35msource/images/quote-r.svg\u001b[39m","time":"2016-10-31T09:05:37.812Z","v":0}
{"name":"hexo","hostname":"VM_0_26_centos","pid":11296,"level":20,"msg":"Processed: \u001b[35msource/images/searchicon.png\u001b[39m","time":"2016-10-31T09:05:37.814Z","v":0}
{"name":"hexo","hostname":"VM_0_26_centos","pid":11296,"level":20,"msg":"Processed: \u001b[35mlayout/_layout.swig\u001b[39m","time":"2016-10-31T09:05:38.042Z","v":0}
{"name":"hexo","hostname":"VM_0_26_centos","pid":11296,"level":20,"msg":"Processed: \u001b[35mlayout/archive.swig\u001b[39m","time":"2016-10-31T09:05:38.042Z","v":0}
{"name":"hexo","hostname":"VM_0_26_centos","pid":11296,"level":20,"msg":"Processed: \u001b[35mlayout/category.swig\u001b[39m","time":"2016-10-31T09:05:38.042Z","v":0}
{"name":"hexo","hostname":"VM_0_26_centos","pid":11296,"level":20,"msg":"Processed: \u001b[35mlayout/index.swig\u001b[39m","time":"2016-10-31T09:05:38.042Z","v":0}
{"name":"hexo","hostname":"VM_0_26_centos","pid":11296,"level":20,"msg":"Processed: \u001b[35mlayout/page.swig\u001b[39m","time":"2016-10-31T09:05:38.042Z","v":0}
{"name":"hexo","hostname":"VM_0_26_centos","pid":11296,"level":20,"msg":"Processed: \u001b[35mlayout/post.swig\u001b[39m","time":"2016-10-31T09:05:38.042Z","v":0}
{"name":"hexo","hostname":"VM_0_26_centos","pid":11296,"level":20,"msg":"Processed: \u001b[35mlayout/schedule.swig\u001b[39m","time":"2016-10-31T09:05:38.042Z","v":0}
{"name":"hexo","hostname":"VM_0_26_centos","pid":11296,"level":20,"msg":"Processed: \u001b[35mlayout/tag.swig\u001b[39m","time":"2016-10-31T09:05:38.042Z","v":0}
{"name":"hexo","hostname":"VM_0_26_centos","pid":11296,"level":20,"msg":"Processed: \u001b[35mlanguages/de.yml\u001b[39m","time":"2016-10-31T09:05:38.048Z","v":0}
{"name":"hexo","hostname":"VM_0_26_centos","pid":11296,"level":20,"msg":"Processed: \u001b[35mlanguages/default.yml\u001b[39m","time":"2016-10-31T09:05:38.048Z","v":0}
{"name":"hexo","hostname":"VM_0_26_centos","pid":11296,"level":20,"msg":"Processed: \u001b[35mlanguages/en.yml\u001b[39m","time":"2016-10-31T09:05:38.048Z","v":0}
{"name":"hexo","hostname":"VM_0_26_centos","pid":11296,"level":20,"msg":"Processed: \u001b[35mlanguages/fr-FR.yml\u001b[39m","time":"2016-10-31T09:05:38.048Z","v":0}
{"name":"hexo","hostname":"VM_0_26_centos","pid":11296,"level":20,"msg":"Processed: \u001b[35mlanguages/id.yml\u001b[39m","time":"2016-10-31T09:05:38.048Z","v":0}
{"name":"hexo","hostname":"VM_0_26_centos","pid":11296,"level":20,"msg":"Processed: \u001b[35mlanguages/ja.yml\u001b[39m","time":"2016-10-31T09:05:38.048Z","v":0}
{"name":"hexo","hostname":"VM_0_26_centos","pid":11296,"level":20,"msg":"Processed: \u001b[35mlanguages/ko.yml\u001b[39m","time":"2016-10-31T09:05:38.048Z","v":0}
{"name":"hexo","hostname":"VM_0_26_centos","pid":11296,"level":20,"msg":"Processed: \u001b[35mlanguages/pt-BR.yml\u001b[39m","time":"2016-10-31T09:05:38.048Z","v":0}
{"name":"hexo","hostname":"VM_0_26_centos","pid":11296,"level":20,"msg":"Processed: \u001b[35mlanguages/pt.yml\u001b[39m","time":"2016-10-31T09:05:38.048Z","v":0}
{"name":"hexo","hostname":"VM_0_26_centos","pid":11296,"level":20,"msg":"Processed: \u001b[35mlanguages/ru.yml\u001b[39m","time":"2016-10-31T09:05:38.049Z","v":0}
{"name":"hexo","hostname":"VM_0_26_centos","pid":11296,"level":20,"msg":"Processed: \u001b[35mlanguages/zh-Hans.yml\u001b[39m","time":"2016-10-31T09:05:38.049Z","v":0}
{"name":"hexo","hostname":"VM_0_26_centos","pid":11296,"level":20,"msg":"Processed: \u001b[35mlanguages/zh-hk.yml\u001b[39m","time":"2016-10-31T09:05:38.049Z","v":0}
{"name":"hexo","hostname":"VM_0_26_centos","pid":11296,"level":20,"msg":"Processed: \u001b[35mlanguages/zh-tw.yml\u001b[39m","time":"2016-10-31T09:05:38.049Z","v":0}
{"name":"hexo","hostname":"VM_0_26_centos","pid":11296,"level":20,"msg":"Processed: \u001b[35msource/js/src/affix.js\u001b[39m","time":"2016-10-31T09:05:38.049Z","v":0}
{"name":"hexo","hostname":"VM_0_26_centos","pid":11296,"level":20,"msg":"Processed: \u001b[35msource/js/src/bootstrap.js\u001b[39m","time":"2016-10-31T09:05:38.049Z","v":0}
{"name":"hexo","hostname":"VM_0_26_centos","pid":11296,"level":20,"msg":"Processed: \u001b[35msource/js/src/hook-duoshuo.js\u001b[39m","time":"2016-10-31T09:05:38.054Z","v":0}
{"name":"hexo","hostname":"VM_0_26_centos","pid":11296,"level":20,"msg":"Processed: \u001b[35msource/js/src/motion.js\u001b[39m","time":"2016-10-31T09:05:38.054Z","v":0}
{"name":"hexo","hostname":"VM_0_26_centos","pid":11296,"level":20,"msg":"Processed: \u001b[35msource/js/src/post-details.js\u001b[39m","time":"2016-10-31T09:05:38.054Z","v":0}
{"name":"hexo","hostname":"VM_0_26_centos","pid":11296,"level":20,"msg":"Processed: \u001b[35msource/js/src/scrollspy.js\u001b[39m","time":"2016-10-31T09:05:38.056Z","v":0}
{"name":"hexo","hostname":"VM_0_26_centos","pid":11296,"level":20,"msg":"Processed: \u001b[35msource/js/src/utils.js\u001b[39m","time":"2016-10-31T09:05:38.056Z","v":0}
{"name":"hexo","hostname":"VM_0_26_centos","pid":11296,"level":20,"msg":"Processed: \u001b[35msource/vendors/fastclick/LICENSE\u001b[39m","time":"2016-10-31T09:05:38.056Z","v":0}
{"name":"hexo","hostname":"VM_0_26_centos","pid":11296,"level":20,"msg":"Processed: \u001b[35msource/vendors/fastclick/README.md\u001b[39m","time":"2016-10-31T09:05:38.056Z","v":0}
{"name":"hexo","hostname":"VM_0_26_centos","pid":11296,"level":20,"msg":"Processed: \u001b[35msource/vendors/fastclick/bower.json\u001b[39m","time":"2016-10-31T09:05:38.057Z","v":0}
{"name":"hexo","hostname":"VM_0_26_centos","pid":11296,"level":20,"msg":"Processed: \u001b[35msource/vendors/font-awesome/HELP-US-OUT.txt\u001b[39m","time":"2016-10-31T09:05:38.057Z","v":0}
{"name":"hexo","hostname":"VM_0_26_centos","pid":11296,"level":20,"msg":"Processed: \u001b[35msource/vendors/font-awesome/bower.json\u001b[39m","time":"2016-10-31T09:05:38.057Z","v":0}
{"name":"hexo","hostname":"VM_0_26_centos","pid":11296,"level":20,"msg":"Processed: \u001b[35msource/vendors/jquery_lazyload/CONTRIBUTING.md\u001b[39m","time":"2016-10-31T09:05:38.057Z","v":0}
{"name":"hexo","hostname":"VM_0_26_centos","pid":11296,"level":20,"msg":"Processed: \u001b[35msource/vendors/jquery_lazyload/README.md\u001b[39m","time":"2016-10-31T09:05:38.058Z","v":0}
{"name":"hexo","hostname":"VM_0_26_centos","pid":11296,"level":20,"msg":"Processed: \u001b[35msource/vendors/jquery_lazyload/bower.json\u001b[39m","time":"2016-10-31T09:05:38.058Z","v":0}
{"name":"hexo","hostname":"VM_0_26_centos","pid":11296,"level":20,"msg":"Processed: \u001b[35msource/vendors/jquery_lazyload/jquery.lazyload.js\u001b[39m","time":"2016-10-31T09:05:38.058Z","v":0}
{"name":"hexo","hostname":"VM_0_26_centos","pid":11296,"level":20,"msg":"Processed: \u001b[35msource/vendors/jquery_lazyload/jquery.scrollstop.js\u001b[39m","time":"2016-10-31T09:05:38.058Z","v":0}
{"name":"hexo","hostname":"VM_0_26_centos","pid":11296,"level":20,"msg":"Processed: \u001b[35msource/vendors/velocity/bower.json\u001b[39m","time":"2016-10-31T09:05:38.058Z","v":0}
{"name":"hexo","hostname":"VM_0_26_centos","pid":11296,"level":20,"msg":"Processed: \u001b[35msource/vendors/velocity/velocity.min.js\u001b[39m","time":"2016-10-31T09:05:38.059Z","v":0}
{"name":"hexo","hostname":"VM_0_26_centos","pid":11296,"level":20,"msg":"Processed: \u001b[35msource/vendors/velocity/velocity.ui.js\u001b[39m","time":"2016-10-31T09:05:38.059Z","v":0}
{"name":"hexo","hostname":"VM_0_26_centos","pid":11296,"level":20,"msg":"Processed: \u001b[35msource/vendors/velocity/velocity.ui.min.js\u001b[39m","time":"2016-10-31T09:05:38.059Z","v":0}
{"name":"hexo","hostname":"VM_0_26_centos","pid":11296,"level":20,"msg":"Processed: \u001b[35msource/vendors/jquery/index.js\u001b[39m","time":"2016-10-31T09:05:38.072Z","v":0}
{"name":"hexo","hostname":"VM_0_26_centos","pid":11296,"level":20,"msg":"Processed: \u001b[35mlayout/_macro/post-collapse.swig\u001b[39m","time":"2016-10-31T09:05:38.122Z","v":0}
{"name":"hexo","hostname":"VM_0_26_centos","pid":11296,"level":20,"msg":"Processed: \u001b[35mlayout/_macro/post.swig\u001b[39m","time":"2016-10-31T09:05:38.122Z","v":0}
{"name":"hexo","hostname":"VM_0_26_centos","pid":11296,"level":20,"msg":"Processed: \u001b[35mlayout/_macro/reward.swig\u001b[39m","time":"2016-10-31T09:05:38.123Z","v":0}
{"name":"hexo","hostname":"VM_0_26_centos","pid":11296,"level":20,"msg":"Processed: \u001b[35mlayout/_macro/sidebar.swig\u001b[39m","time":"2016-10-31T09:05:38.123Z","v":0}
{"name":"hexo","hostname":"VM_0_26_centos","pid":11296,"level":20,"msg":"Processed: \u001b[35mlayout/_macro/wechat-subscriber.swig\u001b[39m","time":"2016-10-31T09:05:38.123Z","v":0}
{"name":"hexo","hostname":"VM_0_26_centos","pid":11296,"level":20,"msg":"Processed: \u001b[35mlayout/_partials/comments.swig\u001b[39m","time":"2016-10-31T09:05:38.123Z","v":0}
{"name":"hexo","hostname":"VM_0_26_centos","pid":11296,"level":20,"msg":"Processed: \u001b[35mlayout/_partials/duoshuo-hot-articles.swig\u001b[39m","time":"2016-10-31T09:05:38.123Z","v":0}
{"name":"hexo","hostname":"VM_0_26_centos","pid":11296,"level":20,"msg":"Processed: \u001b[35mlayout/_partials/footer.swig\u001b[39m","time":"2016-10-31T09:05:38.123Z","v":0}
{"name":"hexo","hostname":"VM_0_26_centos","pid":11296,"level":20,"msg":"Processed: \u001b[35mlayout/_partials/head.swig\u001b[39m","time":"2016-10-31T09:05:38.123Z","v":0}
{"name":"hexo","hostname":"VM_0_26_centos","pid":11296,"level":20,"msg":"Processed: \u001b[35mlayout/_partials/header.swig\u001b[39m","time":"2016-10-31T09:05:38.123Z","v":0}
{"name":"hexo","hostname":"VM_0_26_centos","pid":11296,"level":20,"msg":"Processed: \u001b[35mlayout/_partials/pagination.swig\u001b[39m","time":"2016-10-31T09:05:38.123Z","v":0}
{"name":"hexo","hostname":"VM_0_26_centos","pid":11296,"level":20,"msg":"Processed: \u001b[35mlayout/_partials/search.swig\u001b[39m","time":"2016-10-31T09:05:38.123Z","v":0}
{"name":"hexo","hostname":"VM_0_26_centos","pid":11296,"level":20,"msg":"Processed: \u001b[35mlayout/_scripts/baidu-push.swig\u001b[39m","time":"2016-10-31T09:05:38.124Z","v":0}
{"name":"hexo","hostname":"VM_0_26_centos","pid":11296,"level":20,"msg":"Processed: \u001b[35mlayout/_scripts/boostrap.swig\u001b[39m","time":"2016-10-31T09:05:38.124Z","v":0}
{"name":"hexo","hostname":"VM_0_26_centos","pid":11296,"level":20,"msg":"Processed: \u001b[35mlayout/_scripts/commons.swig\u001b[39m","time":"2016-10-31T09:05:38.124Z","v":0}
{"name":"hexo","hostname":"VM_0_26_centos","pid":11296,"level":20,"msg":"Processed: \u001b[35mlayout/_scripts/vendors.swig\u001b[39m","time":"2016-10-31T09:05:38.124Z","v":0}
{"name":"hexo","hostname":"VM_0_26_centos","pid":11296,"level":20,"msg":"Processed: \u001b[35mlayout/_scripts/schemes/mist.swig\u001b[39m","time":"2016-10-31T09:05:38.130Z","v":0}
{"name":"hexo","hostname":"VM_0_26_centos","pid":11296,"level":20,"msg":"Processed: \u001b[35mlayout/_scripts/schemes/muse.swig\u001b[39m","time":"2016-10-31T09:05:38.130Z","v":0}
{"name":"hexo","hostname":"VM_0_26_centos","pid":11296,"level":20,"msg":"Processed: \u001b[35msource/js/src/schemes/pisces.js\u001b[39m","time":"2016-10-31T09:05:38.133Z","v":0}
{"name":"hexo","hostname":"VM_0_26_centos","pid":11296,"level":20,"msg":"Processed: \u001b[35msource/vendors/fancybox/source/blank.gif\u001b[39m","time":"2016-10-31T09:05:38.133Z","v":0}
{"name":"hexo","hostname":"VM_0_26_centos","pid":11296,"level":20,"msg":"Processed: \u001b[35msource/vendors/fancybox/source/fancybox_loading.gif\u001b[39m","time":"2016-10-31T09:05:38.138Z","v":0}
{"name":"hexo","hostname":"VM_0_26_centos","pid":11296,"level":20,"msg":"Processed: \u001b[35msource/vendors/fancybox/source/fancybox_loading@2x.gif\u001b[39m","time":"2016-10-31T09:05:38.138Z","v":0}
{"name":"hexo","hostname":"VM_0_26_centos","pid":11296,"level":20,"msg":"Processed: \u001b[35msource/vendors/fancybox/source/fancybox_overlay.png\u001b[39m","time":"2016-10-31T09:05:38.138Z","v":0}
{"name":"hexo","hostname":"VM_0_26_centos","pid":11296,"level":20,"msg":"Processed: \u001b[35msource/vendors/fancybox/source/fancybox_sprite.png\u001b[39m","time":"2016-10-31T09:05:38.138Z","v":0}
{"name":"hexo","hostname":"VM_0_26_centos","pid":11296,"level":20,"msg":"Processed: \u001b[35msource/vendors/fancybox/source/fancybox_sprite@2x.png\u001b[39m","time":"2016-10-31T09:05:38.138Z","v":0}
{"name":"hexo","hostname":"VM_0_26_centos","pid":11296,"level":20,"msg":"Processed: \u001b[35msource/vendors/fancybox/source/jquery.fancybox.css\u001b[39m","time":"2016-10-31T09:05:38.138Z","v":0}
{"name":"hexo","hostname":"VM_0_26_centos","pid":11296,"level":20,"msg":"Processed: \u001b[35msource/vendors/fancybox/source/jquery.fancybox.js\u001b[39m","time":"2016-10-31T09:05:38.139Z","v":0}
{"name":"hexo","hostname":"VM_0_26_centos","pid":11296,"level":20,"msg":"Processed: \u001b[35msource/vendors/fancybox/source/jquery.fancybox.pack.js\u001b[39m","time":"2016-10-31T09:05:38.139Z","v":0}
{"name":"hexo","hostname":"VM_0_26_centos","pid":11296,"level":20,"msg":"Processed: \u001b[35msource/vendors/fastclick/lib/fastclick.js\u001b[39m","time":"2016-10-31T09:05:38.139Z","v":0}
{"name":"hexo","hostname":"VM_0_26_centos","pid":11296,"level":20,"msg":"Processed: \u001b[35msource/vendors/fastclick/lib/fastclick.min.js\u001b[39m","time":"2016-10-31T09:05:38.139Z","v":0}
{"name":"hexo","hostname":"VM_0_26_centos","pid":11296,"level":20,"msg":"Processed: \u001b[35msource/vendors/font-awesome/css/font-awesome.css\u001b[39m","time":"2016-10-31T09:05:38.139Z","v":0}
{"name":"hexo","hostname":"VM_0_26_centos","pid":11296,"level":20,"msg":"Processed: \u001b[35msource/vendors/font-awesome/css/font-awesome.css.map\u001b[39m","time":"2016-10-31T09:05:38.139Z","v":0}
{"name":"hexo","hostname":"VM_0_26_centos","pid":11296,"level":20,"msg":"Processed: \u001b[35msource/vendors/font-awesome/css/font-awesome.min.css\u001b[39m","time":"2016-10-31T09:05:38.140Z","v":0}
{"name":"hexo","hostname":"VM_0_26_centos","pid":11296,"level":20,"msg":"Processed: \u001b[35msource/vendors/font-awesome/fonts/fontawesome-webfont.woff2\u001b[39m","time":"2016-10-31T09:05:38.141Z","v":0}
{"name":"hexo","hostname":"VM_0_26_centos","pid":11296,"level":20,"msg":"Processed: \u001b[35msource/vendors/ua-parser-js/dist/ua-parser.min.js\u001b[39m","time":"2016-10-31T09:05:38.141Z","v":0}
{"name":"hexo","hostname":"VM_0_26_centos","pid":11296,"level":20,"msg":"Processed: \u001b[35msource/vendors/ua-parser-js/dist/ua-parser.pack.js\u001b[39m","time":"2016-10-31T09:05:38.141Z","v":0}
{"name":"hexo","hostname":"VM_0_26_centos","pid":11296,"level":20,"msg":"Processed: \u001b[35mlayout/_partials/head/external-fonts.swig\u001b[39m","time":"2016-10-31T09:05:38.160Z","v":0}
{"name":"hexo","hostname":"VM_0_26_centos","pid":11296,"level":20,"msg":"Processed: \u001b[35mlayout/_partials/search/localsearch.swig\u001b[39m","time":"2016-10-31T09:05:38.164Z","v":0}
{"name":"hexo","hostname":"VM_0_26_centos","pid":11296,"level":20,"msg":"Processed: \u001b[35mlayout/_partials/search/swiftype.swig\u001b[39m","time":"2016-10-31T09:05:38.164Z","v":0}
{"name":"hexo","hostname":"VM_0_26_centos","pid":11296,"level":20,"msg":"Processed: \u001b[35mlayout/_partials/search/tinysou.swig\u001b[39m","time":"2016-10-31T09:05:38.164Z","v":0}
{"name":"hexo","hostname":"VM_0_26_centos","pid":11296,"level":20,"msg":"Processed: \u001b[35mlayout/_partials/share/add-this.swig\u001b[39m","time":"2016-10-31T09:05:38.164Z","v":0}
{"name":"hexo","hostname":"VM_0_26_centos","pid":11296,"level":20,"msg":"Processed: \u001b[35mlayout/_partials/share/baidushare.swig\u001b[39m","time":"2016-10-31T09:05:38.164Z","v":0}
{"name":"hexo","hostname":"VM_0_26_centos","pid":11296,"level":20,"msg":"Processed: \u001b[35mlayout/_partials/share/duoshuo_share.swig\u001b[39m","time":"2016-10-31T09:05:38.164Z","v":0}
{"name":"hexo","hostname":"VM_0_26_centos","pid":11296,"level":20,"msg":"Processed: \u001b[35mlayout/_partials/share/jiathis.swig\u001b[39m","time":"2016-10-31T09:05:38.164Z","v":0}
{"name":"hexo","hostname":"VM_0_26_centos","pid":11296,"level":20,"msg":"Processed: \u001b[35mlayout/_scripts/pages/post-details.swig\u001b[39m","time":"2016-10-31T09:05:38.164Z","v":0}
{"name":"hexo","hostname":"VM_0_26_centos","pid":11296,"level":20,"msg":"Processed: \u001b[35mlayout/_scripts/schemes/pisces.swig\u001b[39m","time":"2016-10-31T09:05:38.164Z","v":0}
{"name":"hexo","hostname":"VM_0_26_centos","pid":11296,"level":20,"msg":"Processed: \u001b[35mlayout/_scripts/third-party/analytics.swig\u001b[39m","time":"2016-10-31T09:05:38.165Z","v":0}
{"name":"hexo","hostname":"VM_0_26_centos","pid":11296,"level":20,"msg":"Processed: \u001b[35mlayout/_scripts/third-party/comments.swig\u001b[39m","time":"2016-10-31T09:05:38.165Z","v":0}
{"name":"hexo","hostname":"VM_0_26_centos","pid":11296,"level":20,"msg":"Processed: \u001b[35mlayout/_scripts/third-party/lean-analytics.swig\u001b[39m","time":"2016-10-31T09:05:38.165Z","v":0}
{"name":"hexo","hostname":"VM_0_26_centos","pid":11296,"level":20,"msg":"Processed: \u001b[35mlayout/_scripts/third-party/localsearch.swig\u001b[39m","time":"2016-10-31T09:05:38.165Z","v":0}
{"name":"hexo","hostname":"VM_0_26_centos","pid":11296,"level":20,"msg":"Processed: \u001b[35mlayout/_scripts/third-party/mathjax.swig\u001b[39m","time":"2016-10-31T09:05:38.165Z","v":0}
{"name":"hexo","hostname":"VM_0_26_centos","pid":11296,"level":20,"msg":"Processed: \u001b[35mlayout/_scripts/third-party/schedule.swig\u001b[39m","time":"2016-10-31T09:05:38.165Z","v":0}
{"name":"hexo","hostname":"VM_0_26_centos","pid":11296,"level":20,"msg":"Processed: \u001b[35mlayout/_scripts/third-party/tinysou.swig\u001b[39m","time":"2016-10-31T09:05:38.165Z","v":0}
{"name":"hexo","hostname":"VM_0_26_centos","pid":11296,"level":20,"msg":"Processed: \u001b[35msource/vendors/font-awesome/fonts/FontAwesome.otf\u001b[39m","time":"2016-10-31T09:05:38.167Z","v":0}
{"name":"hexo","hostname":"VM_0_26_centos","pid":11296,"level":20,"msg":"Processed: \u001b[35msource/vendors/font-awesome/fonts/fontawesome-webfont.eot\u001b[39m","time":"2016-10-31T09:05:38.168Z","v":0}
{"name":"hexo","hostname":"VM_0_26_centos","pid":11296,"level":20,"msg":"Processed: \u001b[35msource/vendors/font-awesome/fonts/fontawesome-webfont.woff\u001b[39m","time":"2016-10-31T09:05:38.168Z","v":0}
{"name":"hexo","hostname":"VM_0_26_centos","pid":11296,"level":20,"msg":"Processed: \u001b[35msource/vendors/velocity/velocity.js\u001b[39m","time":"2016-10-31T09:05:38.168Z","v":0}
{"name":"hexo","hostname":"VM_0_26_centos","pid":11296,"level":20,"msg":"Processed: \u001b[35msource/vendors/fancybox/source/helpers/fancybox_buttons.png\u001b[39m","time":"2016-10-31T09:05:38.170Z","v":0}
{"name":"hexo","hostname":"VM_0_26_centos","pid":11296,"level":20,"msg":"Processed: \u001b[35msource/vendors/fancybox/source/helpers/jquery.fancybox-buttons.css\u001b[39m","time":"2016-10-31T09:05:38.170Z","v":0}
{"name":"hexo","hostname":"VM_0_26_centos","pid":11296,"level":20,"msg":"Processed: \u001b[35msource/vendors/fancybox/source/helpers/jquery.fancybox-buttons.js\u001b[39m","time":"2016-10-31T09:05:38.170Z","v":0}
{"name":"hexo","hostname":"VM_0_26_centos","pid":11296,"level":20,"msg":"Processed: \u001b[35msource/vendors/fancybox/source/helpers/jquery.fancybox-media.js\u001b[39m","time":"2016-10-31T09:05:38.171Z","v":0}
{"name":"hexo","hostname":"VM_0_26_centos","pid":11296,"level":20,"msg":"Processed: \u001b[35msource/vendors/fancybox/source/helpers/jquery.fancybox-thumbs.css\u001b[39m","time":"2016-10-31T09:05:38.171Z","v":0}
{"name":"hexo","hostname":"VM_0_26_centos","pid":11296,"level":20,"msg":"Processed: \u001b[35msource/vendors/fancybox/source/helpers/jquery.fancybox-thumbs.js\u001b[39m","time":"2016-10-31T09:05:38.171Z","v":0}
{"name":"hexo","hostname":"VM_0_26_centos","pid":11296,"level":20,"msg":"Processed: \u001b[35msource/vendors/font-awesome/fonts/fontawesome-webfont.ttf\u001b[39m","time":"2016-10-31T09:05:38.171Z","v":0}
{"name":"hexo","hostname":"VM_0_26_centos","pid":11296,"level":20,"msg":"Processed: \u001b[35mlayout/_scripts/third-party/analytics/baidu-analytics.swig\u001b[39m","time":"2016-10-31T09:05:38.181Z","v":0}
{"name":"hexo","hostname":"VM_0_26_centos","pid":11296,"level":20,"msg":"Processed: \u001b[35mlayout/_scripts/third-party/analytics/busuanzi-counter.swig\u001b[39m","time":"2016-10-31T09:05:38.181Z","v":0}
{"name":"hexo","hostname":"VM_0_26_centos","pid":11296,"level":20,"msg":"Processed: \u001b[35mlayout/_scripts/third-party/analytics/cnzz-analytics.swig\u001b[39m","time":"2016-10-31T09:05:38.181Z","v":0}
{"name":"hexo","hostname":"VM_0_26_centos","pid":11296,"level":20,"msg":"Processed: \u001b[35mlayout/_scripts/third-party/analytics/facebook-sdk.swig\u001b[39m","time":"2016-10-31T09:05:38.181Z","v":0}
{"name":"hexo","hostname":"VM_0_26_centos","pid":11296,"level":20,"msg":"Processed: \u001b[35mlayout/_scripts/third-party/analytics/google-analytics.swig\u001b[39m","time":"2016-10-31T09:05:38.181Z","v":0}
{"name":"hexo","hostname":"VM_0_26_centos","pid":11296,"level":20,"msg":"Processed: \u001b[35mlayout/_scripts/third-party/analytics/tencent-analytics.swig\u001b[39m","time":"2016-10-31T09:05:38.182Z","v":0}
{"name":"hexo","hostname":"VM_0_26_centos","pid":11296,"level":20,"msg":"Processed: \u001b[35mlayout/_scripts/third-party/comments/disqus.swig\u001b[39m","time":"2016-10-31T09:05:38.182Z","v":0}
{"name":"hexo","hostname":"VM_0_26_centos","pid":11296,"level":20,"msg":"Processed: \u001b[35mlayout/_scripts/third-party/comments/duoshuo.swig\u001b[39m","time":"2016-10-31T09:05:38.182Z","v":0}
{"name":"hexo","hostname":"VM_0_26_centos","pid":11296,"level":20,"msg":"Processed: \u001b[35msource/vendors/font-awesome/fonts/fontawesome-webfont.svg\u001b[39m","time":"2016-10-31T09:05:38.184Z","v":0}
{"name":"hexo","hostname":"VM_0_26_centos","pid":11296,"level":20,"msg":"Generator: \u001b[35mpage\u001b[39m","time":"2016-10-31T09:05:38.298Z","v":0}
{"name":"hexo","hostname":"VM_0_26_centos","pid":11296,"level":20,"msg":"Generator: \u001b[35mpost\u001b[39m","time":"2016-10-31T09:05:38.299Z","v":0}
{"name":"hexo","hostname":"VM_0_26_centos","pid":11296,"level":20,"msg":"Generator: \u001b[35marchive\u001b[39m","time":"2016-10-31T09:05:38.299Z","v":0}
{"name":"hexo","hostname":"VM_0_26_centos","pid":11296,"level":20,"msg":"Generator: \u001b[35mcategory\u001b[39m","time":"2016-10-31T09:05:38.299Z","v":0}
{"name":"hexo","hostname":"VM_0_26_centos","pid":11296,"level":20,"msg":"Generator: \u001b[35mindex\u001b[39m","time":"2016-10-31T09:05:38.299Z","v":0}
{"name":"hexo","hostname":"VM_0_26_centos","pid":11296,"level":20,"msg":"Generator: \u001b[35mtag\u001b[39m","time":"2016-10-31T09:05:38.299Z","v":0}
{"name":"hexo","hostname":"VM_0_26_centos","pid":11296,"level":20,"msg":"Generator: \u001b[35masset\u001b[39m","time":"2016-10-31T09:05:38.300Z","v":0}
{"name":"hexo","hostname":"VM_0_26_centos","pid":11296,"level":30,"msg":"Hexo is running at \u001b[4mhttp://localhost:4000/\u001b[24m. Press Ctrl+C to stop.","time":"2016-10-31T09:05:38.306Z","v":0}
{"name":"hexo","hostname":"VM_0_26_centos","pid":11296,"level":20,"msg":"Database saved","time":"2016-10-31T09:05:38.323Z","v":0}
{"name":"hexo","hostname":"VM_0_26_centos","pid":11296,"level":20,"msg":"Rendering index: \u001b[35mindex.html\u001b[39m","time":"2016-10-31T09:05:43.594Z","v":0}
{"name":"hexo","hostname":"VM_0_26_centos","pid":11296,"level":20,"msg":"Rendering archive: \u001b[35marchives/index.html\u001b[39m","time":"2016-10-31T09:05:50.021Z","v":0}
